0 info it worked if it ends with ok
1 verbose cli [ 'C:\\Program Files\\nodejs\\node.exe',
1 verbose cli   'C:\\Users\\perillc\\AppData\\Roaming\\npm\\node_modules\\npm\\bin\\npm-cli.js',
1 verbose cli   'run',
1 verbose cli   'test' ]
2 info using npm@3.5.2
3 info using node@v6.10.0
4 verbose run-script [ 'pretest', 'test', 'posttest' ]
5 info lifecycle hwr@1.0.0~pretest: hwr@1.0.0
6 silly lifecycle hwr@1.0.0~pretest: no script for pretest, continuing
7 info lifecycle hwr@1.0.0~test: hwr@1.0.0
8 verbose lifecycle hwr@1.0.0~test: unsafe-perm in lifecycle true
9 verbose lifecycle hwr@1.0.0~test: PATH: C:\Users\perillc\AppData\Roaming\npm\node_modules\npm\bin\node-gyp-bin;C:\GitHubRepo\hwr\node_modules\.bin;C:\ProgramData\Oracle\Java\javapath;C:\Program Files\RA2HP\;C:\Program Files\Common Files\Microsoft Shared\Windows Live;C:\Program Files (x86)\Common Files\Microsoft Shared\Windows Live;C:\windows\system32;C:\windows;C:\windows\System32\Wbem;C:\windows\System32\WindowsPowerShell\v1.0\;C:\windows\System32\WindowsPowerShell\v1.0\;C:\Curl;C:\Python27\Scripts;C:\Curl\AMD64;C:\Program Files (x86)\Windows Live\Shared;C:\Program Files (x86)\GtkSharp\2.12\bin;C:\MinGW\bin;C:\Program Files (x86)\Windows Kits\10\Windows Performance Toolkit\;C:\Program Files\Vertica Systems\VSQL64;C:\Program Files (x86)\Vertica Systems\bin;C:\Program Files\Microsoft DNX\Dnvm\;C:\Program Files\TortoiseSVN\bin;C:\Program Files\Microsoft\Web Platform Installer\;C:\Program Files\Microsoft SQL Server\110\DTS\Binn\;C:\Program Files (x86)\Microsoft SQL Server\110\Tools\Binn\;C:\Program Files\Microsoft SQL Server\110\Tools\Binn\;C:\Program Files (x86)\Microsoft SQL Server\110\Tools\Binn\ManagementStudio\;C:\Program Files (x86)\Microsoft Visual Studio 10.0\Common7\IDE\PrivateAssemblies\;C:\Program Files (x86)\Microsoft SQL Server\110\DTS\Binn\;C:\Program Files\Microsoft SQL Server\120\Tools\Binn\;C:\Program Files\Java\jdk1.7.0_60\bin;C:\Android;C:\Windows\System32;C:\Program Files\Microsoft SQL Server\130\Tools\Binn\;C:\Program Files (x86)\Plantronics\Spokes3G\;C:\Program Files (x86)\Microsoft SQL Server\120\DTS\Binn\;C:\Program Files (x86)\Microsoft SQL Server\130\DTS\Binn\;C:\Program Files\dotnet\;C:\Program Files (x86)\Microsoft SDKs\TypeScript\1.0\;C:\Program Files (x86)\Microsoft SDKs\Windows\v10.0A\bin\NETFX 4.6.1 Tools;C:\Program Files\nodejs\;C:\Program Files\Git\cmd;C:\Program Files\Heroku\bin;C:\windows\System32\WindowsPowerShell\v1.0\;C:\Users\perillc\.dnx\runtimes\dnx-clr-win-x86.1.0.0-rc1-update1\bin;C:\Users\perillc\.dnx\bin;C:/Python27/;C:\Program Files\MongoDB\Server\3.2\bin;C:\Program Files\Java\jdk1.7.0_79\bin;C:\Users\perillc\AppData\Roaming\npm;C:\Program Files\Heroku\bin;C:\Program Files\Maven\apache-maven-3.5.0\bin;C:\Program Files (x86)\Microsoft VS Code\bin
10 verbose lifecycle hwr@1.0.0~test: CWD: C:\GitHubRepo\hwr
11 silly lifecycle hwr@1.0.0~test: Args: [ '/d /s /c', 'jest --verbose' ]
12 silly lifecycle hwr@1.0.0~test: Returned: code: 1  signal: null
13 info lifecycle hwr@1.0.0~test: Failed to exec test script
14 verbose stack Error: hwr@1.0.0 test: `jest --verbose`
14 verbose stack Exit status 1
14 verbose stack     at EventEmitter.<anonymous> (C:\Users\perillc\AppData\Roaming\npm\node_modules\npm\lib\utils\lifecycle.js:232:16)
14 verbose stack     at emitTwo (events.js:106:13)
14 verbose stack     at EventEmitter.emit (events.js:191:7)
14 verbose stack     at ChildProcess.<anonymous> (C:\Users\perillc\AppData\Roaming\npm\node_modules\npm\lib\utils\spawn.js:24:14)
14 verbose stack     at emitTwo (events.js:106:13)
14 verbose stack     at ChildProcess.emit (events.js:191:7)
14 verbose stack     at maybeClose (internal/child_process.js:877:16)
14 verbose stack     at Process.ChildProcess._handle.onexit (internal/child_process.js:226:5)
15 verbose pkgid hwr@1.0.0
16 verbose cwd C:\GitHubRepo\hwr
17 error Windows_NT 6.1.7601
18 error argv "C:\\Program Files\\nodejs\\node.exe" "C:\\Users\\perillc\\AppData\\Roaming\\npm\\node_modules\\npm\\bin\\npm-cli.js" "run" "test"
19 error node v6.10.0
20 error npm  v3.5.2
21 error code ELIFECYCLE
22 error hwr@1.0.0 test: `jest --verbose`
22 error Exit status 1
23 error Failed at the hwr@1.0.0 test script 'jest --verbose'.
23 error Make sure you have the latest version of node.js and npm installed.
23 error If you do, this is most likely a problem with the hwr package,
23 error not with npm itself.
23 error Tell the author that this fails on your system:
23 error     jest --verbose
23 error You can get information on how to open an issue for this project with:
23 error     npm bugs hwr
23 error Or if that isn't available, you can get their info via:
23 error     npm owner ls hwr
23 error There is likely additional logging output above.
24 verbose exit [ 1, true ]
